W0617 02:59:57.863000 1207915 site-packages/torch/distributed/run.py:792] 
W0617 02:59:57.863000 1207915 site-packages/torch/distributed/run.py:792] *****************************************
W0617 02:59:57.863000 1207915 site-packages/torch/distributed/run.py:792] Setting OMP_NUM_THREADS environment variable for each process to be 1 in default, to avoid your system being overloaded, please further tune the variable for optimal performance in your application as needed. 
W0617 02:59:57.863000 1207915 site-packages/torch/distributed/run.py:792] *****************************************
Traceback (most recent call last):
  File "/root/miniconda3/envs/lmt/lib/python3.10/site-packages/draccus/parsers/decoding.py", line 357, in _try_functions
    return func(val, path)
  File "/root/miniconda3/envs/lmt/lib/python3.10/site-packages/draccus/parsers/decoding.py", line 201, in decode_choice_class
    return decode_dataclass(subcls, raw_value, path)
  File "/root/miniconda3/envs/lmt/lib/python3.10/site-packages/draccus/parsers/decoding.py", line 149, in decode_dataclass
    raise DecodingError(path, f"The fields {formatted_keys} are not valid for {stringify_type(cls)}")
draccus.utils.DecodingError: `policy`: The fields `lora_enable`, `lora_rank`, `lora_alpha`, `lora_dropout` are not valid for PI0Config

The above exception was the direct cause of the following exception:

Traceback (most recent call last):
  File "/root/lerobot-mujoco-tutorial/train_model_ddp.py", line 364, in <module>
    train()
  File "/root/miniconda3/envs/lmt/lib/python3.10/site-packages/lerobot/configs/parser.py", line 225, in wrapper_inner
    cfg = draccus.parse(config_class=argtype, config_path=config_path, args=cli_args)
  File "/root/miniconda3/envs/lmt/lib/python3.10/site-packages/draccus/argparsing.py", line 211, in parse
    return parser.parse_args(args)
  File "/root/miniconda3/envs/lmt/lib/python3.10/site-packages/draccus/argparsing.py", line 102, in parse_args
    args, _ = self.parse_known_args(args, namespace, is_parse_args=True)
  File "/root/miniconda3/envs/lmt/lib/python3.10/site-packages/draccus/argparsing.py", line 136, in parse_known_args
    parsed_t = self._postprocessing(parsed_args)
  File "/root/miniconda3/envs/lmt/lib/python3.10/site-packages/draccus/argparsing.py", line 180, in _postprocessing
    cfg = decoding.decode(self.config_class, deflat_d)
  File "/root/miniconda3/envs/lmt/lib/python3.10/site-packages/draccus/parsers/registry_utils.py", line 78, in wrapper
    return base_func(*args, **kw)
  File "/root/miniconda3/envs/lmt/lib/python3.10/site-packages/draccus/parsers/decoding.py", line 48, in decode
    return get_decoding_fn(cls)(raw_value, ())  # type: ignore
  File "/root/miniconda3/envs/lmt/lib/python3.10/site-packages/draccus/parsers/decoding.py", line 135, in decode_dataclass
    raise e
  File "/root/miniconda3/envs/lmt/lib/python3.10/site-packages/draccus/parsers/decoding.py", line 133, in decode_dataclass
    field_value = get_decoding_fn(field_type)(raw_value, (*path, name))
  File "/root/miniconda3/envs/lmt/lib/python3.10/site-packages/draccus/parsers/decoding.py", line 384, in _try_functions
    raise DecodingError(path, message) from exception_to_raise_from
draccus.utils.DecodingError: `policy`: Could not decode the value into any of the given types:
    PreTrainedConfig: The fields `lora_enable`, `lora_rank`, `lora_alpha`, `lora_dropout` are not valid for PI0Config

Traceback (most recent call last):
  File "/root/miniconda3/envs/lmt/lib/python3.10/site-packages/draccus/parsers/decoding.py", line 357, in _try_functions
    return func(val, path)
  File "/root/miniconda3/envs/lmt/lib/python3.10/site-packages/draccus/parsers/decoding.py", line 201, in decode_choice_class
    return decode_dataclass(subcls, raw_value, path)
  File "/root/miniconda3/envs/lmt/lib/python3.10/site-packages/draccus/parsers/decoding.py", line 149, in decode_dataclass
    raise DecodingError(path, f"The fields {formatted_keys} are not valid for {stringify_type(cls)}")
draccus.utils.DecodingError: `policy`: The fields `lora_enable`, `lora_rank`, `lora_alpha`, `lora_dropout` are not valid for PI0Config

The above exception was the direct cause of the following exception:

Traceback (most recent call last):
  File "/root/lerobot-mujoco-tutorial/train_model_ddp.py", line 364, in <module>
    train()
  File "/root/miniconda3/envs/lmt/lib/python3.10/site-packages/lerobot/configs/parser.py", line 225, in wrapper_inner
    cfg = draccus.parse(config_class=argtype, config_path=config_path, args=cli_args)
  File "/root/miniconda3/envs/lmt/lib/python3.10/site-packages/draccus/argparsing.py", line 211, in parse
    return parser.parse_args(args)
  File "/root/miniconda3/envs/lmt/lib/python3.10/site-packages/draccus/argparsing.py", line 102, in parse_args
    args, _ = self.parse_known_args(args, namespace, is_parse_args=True)
  File "/root/miniconda3/envs/lmt/lib/python3.10/site-packages/draccus/argparsing.py", line 136, in parse_known_args
    parsed_t = self._postprocessing(parsed_args)
  File "/root/miniconda3/envs/lmt/lib/python3.10/site-packages/draccus/argparsing.py", line 180, in _postprocessing
    cfg = decoding.decode(self.config_class, deflat_d)
  File "/root/miniconda3/envs/lmt/lib/python3.10/site-packages/draccus/parsers/registry_utils.py", line 78, in wrapper
    return base_func(*args, **kw)
  File "/root/miniconda3/envs/lmt/lib/python3.10/site-packages/draccus/parsers/decoding.py", line 48, in decode
    return get_decoding_fn(cls)(raw_value, ())  # type: ignore
  File "/root/miniconda3/envs/lmt/lib/python3.10/site-packages/draccus/parsers/decoding.py", line 135, in decode_dataclass
    raise e
  File "/root/miniconda3/envs/lmt/lib/python3.10/site-packages/draccus/parsers/decoding.py", line 133, in decode_dataclass
    field_value = get_decoding_fn(field_type)(raw_value, (*path, name))
  File "/root/miniconda3/envs/lmt/lib/python3.10/site-packages/draccus/parsers/decoding.py", line 384, in _try_functions
    raise DecodingError(path, message) from exception_to_raise_from
draccus.utils.DecodingError: `policy`: Could not decode the value into any of the given types:
    PreTrainedConfig: The fields `lora_enable`, `lora_rank`, `lora_alpha`, `lora_dropout` are not valid for PI0Config

Traceback (most recent call last):
  File "/root/miniconda3/envs/lmt/lib/python3.10/site-packages/draccus/parsers/decoding.py", line 357, in _try_functions
    return func(val, path)
  File "/root/miniconda3/envs/lmt/lib/python3.10/site-packages/draccus/parsers/decoding.py", line 201, in decode_choice_class
    return decode_dataclass(subcls, raw_value, path)
  File "/root/miniconda3/envs/lmt/lib/python3.10/site-packages/draccus/parsers/decoding.py", line 149, in decode_dataclass
    raise DecodingError(path, f"The fields {formatted_keys} are not valid for {stringify_type(cls)}")
draccus.utils.DecodingError: `policy`: The fields `lora_enable`, `lora_rank`, `lora_alpha`, `lora_dropout` are not valid for PI0Config

The above exception was the direct cause of the following exception:

Traceback (most recent call last):
  File "/root/lerobot-mujoco-tutorial/train_model_ddp.py", line 364, in <module>
    train()
  File "/root/miniconda3/envs/lmt/lib/python3.10/site-packages/lerobot/configs/parser.py", line 225, in wrapper_inner
    cfg = draccus.parse(config_class=argtype, config_path=config_path, args=cli_args)
  File "/root/miniconda3/envs/lmt/lib/python3.10/site-packages/draccus/argparsing.py", line 211, in parse
    return parser.parse_args(args)
  File "/root/miniconda3/envs/lmt/lib/python3.10/site-packages/draccus/argparsing.py", line 102, in parse_args
    args, _ = self.parse_known_args(args, namespace, is_parse_args=True)
  File "/root/miniconda3/envs/lmt/lib/python3.10/site-packages/draccus/argparsing.py", line 136, in parse_known_args
    parsed_t = self._postprocessing(parsed_args)
  File "/root/miniconda3/envs/lmt/lib/python3.10/site-packages/draccus/argparsing.py", line 180, in _postprocessing
    cfg = decoding.decode(self.config_class, deflat_d)
  File "/root/miniconda3/envs/lmt/lib/python3.10/site-packages/draccus/parsers/registry_utils.py", line 78, in wrapper
    return base_func(*args, **kw)
  File "/root/miniconda3/envs/lmt/lib/python3.10/site-packages/draccus/parsers/decoding.py", line 48, in decode
    return get_decoding_fn(cls)(raw_value, ())  # type: ignore
  File "/root/miniconda3/envs/lmt/lib/python3.10/site-packages/draccus/parsers/decoding.py", line 135, in decode_dataclass
    raise e
  File "/root/miniconda3/envs/lmt/lib/python3.10/site-packages/draccus/parsers/decoding.py", line 133, in decode_dataclass
    field_value = get_decoding_fn(field_type)(raw_value, (*path, name))
  File "/root/miniconda3/envs/lmt/lib/python3.10/site-packages/draccus/parsers/decoding.py", line 384, in _try_functions
    raise DecodingError(path, message) from exception_to_raise_from
draccus.utils.DecodingError: `policy`: Could not decode the value into any of the given types:
    PreTrainedConfig: The fields `lora_enable`, `lora_rank`, `lora_alpha`, `lora_dropout` are not valid for PI0Config

Traceback (most recent call last):
  File "/root/miniconda3/envs/lmt/lib/python3.10/site-packages/draccus/parsers/decoding.py", line 357, in _try_functions
    return func(val, path)
  File "/root/miniconda3/envs/lmt/lib/python3.10/site-packages/draccus/parsers/decoding.py", line 201, in decode_choice_class
    return decode_dataclass(subcls, raw_value, path)
  File "/root/miniconda3/envs/lmt/lib/python3.10/site-packages/draccus/parsers/decoding.py", line 149, in decode_dataclass
    raise DecodingError(path, f"The fields {formatted_keys} are not valid for {stringify_type(cls)}")
draccus.utils.DecodingError: `policy`: The fields `lora_enable`, `lora_rank`, `lora_alpha`, `lora_dropout` are not valid for PI0Config

The above exception was the direct cause of the following exception:

Traceback (most recent call last):
  File "/root/lerobot-mujoco-tutorial/train_model_ddp.py", line 364, in <module>
    train()
  File "/root/miniconda3/envs/lmt/lib/python3.10/site-packages/lerobot/configs/parser.py", line 225, in wrapper_inner
    cfg = draccus.parse(config_class=argtype, config_path=config_path, args=cli_args)
  File "/root/miniconda3/envs/lmt/lib/python3.10/site-packages/draccus/argparsing.py", line 211, in parse
    return parser.parse_args(args)
  File "/root/miniconda3/envs/lmt/lib/python3.10/site-packages/draccus/argparsing.py", line 102, in parse_args
    args, _ = self.parse_known_args(args, namespace, is_parse_args=True)
  File "/root/miniconda3/envs/lmt/lib/python3.10/site-packages/draccus/argparsing.py", line 136, in parse_known_args
    parsed_t = self._postprocessing(parsed_args)
  File "/root/miniconda3/envs/lmt/lib/python3.10/site-packages/draccus/argparsing.py", line 180, in _postprocessing
    cfg = decoding.decode(self.config_class, deflat_d)
  File "/root/miniconda3/envs/lmt/lib/python3.10/site-packages/draccus/parsers/registry_utils.py", line 78, in wrapper
    return base_func(*args, **kw)
  File "/root/miniconda3/envs/lmt/lib/python3.10/site-packages/draccus/parsers/decoding.py", line 48, in decode
    return get_decoding_fn(cls)(raw_value, ())  # type: ignore
  File "/root/miniconda3/envs/lmt/lib/python3.10/site-packages/draccus/parsers/decoding.py", line 135, in decode_dataclass
    raise e
  File "/root/miniconda3/envs/lmt/lib/python3.10/site-packages/draccus/parsers/decoding.py", line 133, in decode_dataclass
    field_value = get_decoding_fn(field_type)(raw_value, (*path, name))
  File "/root/miniconda3/envs/lmt/lib/python3.10/site-packages/draccus/parsers/decoding.py", line 384, in _try_functions
    raise DecodingError(path, message) from exception_to_raise_from
draccus.utils.DecodingError: `policy`: Could not decode the value into any of the given types:
    PreTrainedConfig: The fields `lora_enable`, `lora_rank`, `lora_alpha`, `lora_dropout` are not valid for PI0Config

W0617 03:00:02.182000 1207915 site-packages/torch/distributed/elastic/multiprocessing/api.py:897] Sending process 1208006 closing signal SIGTERM
E0617 03:00:02.199000 1207915 site-packages/torch/distributed/elastic/multiprocessing/api.py:869] failed (exitcode: 1) local_rank: 0 (pid: 1208004) of binary: /root/miniconda3/envs/lmt/bin/python3.10
Traceback (most recent call last):
  File "/root/miniconda3/envs/lmt/bin/torchrun", line 6, in <module>
    sys.exit(main())
  File "/root/miniconda3/envs/lmt/lib/python3.10/site-packages/torch/distributed/elastic/multiprocessing/errors/__init__.py", line 355, in wrapper
    return f(*args, **kwargs)
  File "/root/miniconda3/envs/lmt/lib/python3.10/site-packages/torch/distributed/run.py", line 918, in main
    run(args)
  File "/root/miniconda3/envs/lmt/lib/python3.10/site-packages/torch/distributed/run.py", line 909, in run
    elastic_launch(
  File "/root/miniconda3/envs/lmt/lib/python3.10/site-packages/torch/distributed/launcher/api.py", line 138, in __call__
    return launch_agent(self._config, self._entrypoint, list(args))
  File "/root/miniconda3/envs/lmt/lib/python3.10/site-packages/torch/distributed/launcher/api.py", line 269, in launch_agent
    raise ChildFailedError(
torch.distributed.elastic.multiprocessing.errors.ChildFailedError: 
============================================================
train_model_ddp.py FAILED
------------------------------------------------------------
Failures:
[1]:
  time      : 2026-06-17_03:00:02
  host      : aic-gpu-4090d-253155
  rank      : 1 (local_rank: 1)
  exitcode  : 1 (pid: 1208005)
  error_file: <N/A>
  traceback : To enable traceback see: https://pytorch.org/docs/stable/elastic/errors.html
[2]:
  time      : 2026-06-17_03:00:02
  host      : aic-gpu-4090d-253155
  rank      : 3 (local_rank: 3)
  exitcode  : 1 (pid: 1208007)
  error_file: <N/A>
  traceback : To enable traceback see: https://pytorch.org/docs/stable/elastic/errors.html
------------------------------------------------------------
Root Cause (first observed failure):
[0]:
  time      : 2026-06-17_03:00:02
  host      : aic-gpu-4090d-253155
  rank      : 0 (local_rank: 0)
  exitcode  : 1 (pid: 1208004)
  error_file: <N/A>
  traceback : To enable traceback see: https://pytorch.org/docs/stable/elastic/errors.html
============================================================
